#
# A fatal error has been detected by the Java Runtime Environment:
#
#  EXCEPTION_ACCESS_VIOLATION (0xc0000005) at pc=0x6029ba33, pid=10024, tid=0x00002450
#
# JRE version: Java(TM) SE Runtime Environment (8.0_191-b12) (build 1.8.0_191-b12)
# Java VM: Java HotSpot(TM) Client VM (25.191-b12 mixed mode windows-x86 )
# Problematic frame:
# V  [jvm.dll+0x15ba33]
#
# Failed to write core dump. Minidumps are not enabled by default on client versions of Windows
#
# If you would like to submit a bug report, please visit:
#   http://bugreport.java.com/bugreport/crash.jsp
#

---------------  T H R E A D  ---------------

Current thread (0x29209800):  JavaThread "MessageSiphon" [_thread_in_vm, id=9296, stack(0x2b4a0000,0x2b4f0000)]

siginfo: ExceptionCode=0xc0000005, writing address 0x2b4e8b28

Registers:
EAX=0x00004000, EBX=0x2b4ecd24, ECX=0x2b4e8b28, EDX=0x290b50f0
ESP=0x2b4ecb34, EBP=0x2b4ecba0, ESI=0x00000005, EDI=0x2b4ecb28
EIP=0x6029ba33, EFLAGS=0x00010206

Top of Stack: (sp=0x2b4ecb34)
0x2b4ecb34:   27c3da4c 29209800 6029c2c3 29209800
0x2b4ecb44:   290b51b0 2b4ecd1c 2b4ecb68 2b4ecb6c
0x2b4ecb54:   ffffffff 00000083 00000000 2b4ecba8
0x2b4ecb64:   2b4ecbb8 2698014c 26988664 2b4ecbcc
0x2b4ecb74:   76ff05ea 02f3e208 2b4ecc18 00000013
0x2b4ecb84:   e83a8436 25ac0aa0 29209800 0000000a
0x2b4ecb94:   00000000 27c3da4c 036db310 2b4ecbe8
0x2b4ecba4:   60363ece 2b4ecd1c 2b4ecc14 2b4ecc90 

Instructions: (pc=0x6029ba33)
0x6029ba13:   a9 85 0c 00 be 01 00 00 00 8b f8 39 35 08 ea 49
0x6029ba23:   60 7c 1b e8 95 57 06 00 0f af c6 8b cf 2b c8 46
0x6029ba33:   c7 01 00 00 00 00 3b 35 08 ea 49 60 7e e5 5f 5e
0x6029ba43:   c3 cc cc cc cc cc cc cc cc cc cc cc cc 8b 01 8b 


Register to memory mapping:

EAX=0x00004000 is an unknown value
EBX=0x2b4ecd24 is pointing into the stack for thread: 0x29209800
ECX=0x2b4e8b28 is pointing into the stack for thread: 0x29209800
EDX=0x290b50f0 is an unknown value
ESP=0x2b4ecb34 is pointing into the stack for thread: 0x29209800
EBP=0x2b4ecba0 is pointing into the stack for thread: 0x29209800
ESI=0x00000005 is an unknown value
EDI=0x2b4ecb28 is pointing into the stack for thread: 0x29209800


Stack: [0x2b4a0000,0x2b4f0000],  sp=0x2b4ecb34,  free space=306k
Native frames: (J=compiled Java code, j=interpreted, Vv=VM code, C=native code)
V  [jvm.dll+0x15ba33]
V  [jvm.dll+0x223ece]
V  [jvm.dll+0x15c3ae]
V  [jvm.dll+0xddd5b]
V  [jvm.dll+0xde16a]
C  [java.dll+0xbb78]
C  [java.dll+0xd059]
C  0x0d0a0d0a

Java frames: (J=compiled Java code, j=interpreted, Vv=VM code)
J 2724  java.io.FileOutputStream.writeBytes([BIIZ)V (0 bytes) @ 0x037bdcbb [0x037bdc50+0x6b]
j  java.io.FileOutputStream.write([BII)V+8
j  java.io.BufferedOutputStream.flushBuffer()V+20
j  java.io.BufferedOutputStream.write([BII)V+39
j  java.io.PrintStream.write([BII)V+16
j  sun.nio.cs.StreamEncoder.writeBytes()V+120
j  sun.nio.cs.StreamEncoder.implFlushBuffer()V+11
j  sun.nio.cs.StreamEncoder.flushBuffer()V+15
j  java.io.OutputStreamWriter.flushBuffer()V+4
j  java.io.PrintStream.write(Ljava/lang/String;)V+27
j  java.io.PrintStream.print(Ljava/lang/String;)V+9
j  cc.arduino.ConsoleOutputStream.flush()V+18
j  java.io.PrintStream.write([BII)V+30
j  sun.nio.cs.StreamEncoder.writeBytes()V+120
j  sun.nio.cs.StreamEncoder.implFlushBuffer()V+11
j  sun.nio.cs.StreamEncoder.flushBuffer()V+15
j  java.io.OutputStreamWriter.flushBuffer()V+4
j  java.io.PrintStream.write(Ljava/lang/String;)V+27
j  java.io.PrintStream.print(Ljava/lang/String;)V+9
j  java.lang.ThreadGroup.uncaughtException(Ljava/lang/Thread;Ljava/lang/Throwable;)V+75
j  java.lang.ThreadGroup.uncaughtException(Ljava/lang/Thread;Ljava/lang/Throwable;)V+13
j  java.lang.Thread.dispatchUncaughtException(Ljava/lang/Throwable;)V+6
v  ~StubRoutines::call_stub

---------------  P R O C E S S  ---------------

Java Threads: ( => current thread )
=>0x29209800 JavaThread "MessageSiphon" [_thread_in_vm, id=9296, stack(0x2b4a0000,0x2b4f0000)]
  0x29207800 JavaThread "MessageSiphon" [_thread_in_native, id=12220, stack(0x2b410000,0x2b460000)]
  0x29208400 JavaThread "Thread-139" [_thread_blocked, id=13180, stack(0x2b280000,0x2b2d0000)]
  0x29209c00 JavaThread "Thread-138" [_thread_blocked, id=11308, stack(0x26930000,0x26980000)]
  0x29207000 JavaThread "Thread-134" [_thread_blocked, id=12052, stack(0x2a3d0000,0x2a420000)]
  0x27b5f800 JavaThread "Thread-132" [_thread_blocked, id=5864, stack(0x28b00000,0x28b50000)]
  0x27b60c00 JavaThread "Swing-Shell" daemon [_thread_blocked, id=2144, stack(0x03020000,0x03070000)]
  0x27b61400 JavaThread "DestroyJavaVM" [_thread_blocked, id=12144, stack(0x03100000,0x03150000)]
  0x27b5ec00 JavaThread "TimerQueue" daemon [_thread_blocked, id=9288, stack(0x2a730000,0x2a780000)]
  0x27b62000 JavaThread "AWT-EventQueue-0" [_thread_blocked, id=12348, stack(0x29d20000,0x29d70000)]
  0x27b62400 JavaThread "AWT-Shutdown" [_thread_blocked, id=2356, stack(0x270d0000,0x27120000)]
  0x27b61800 JavaThread "Batik CleanerThread" daemon [_thread_blocked, id=14248, stack(0x02e30000,0x02e80000)]
  0x27b19c00 JavaThread "JmDNS(DESKTOP-DB96BN7.local.).State.Timer" [_thread_blocked, id=12148, stack(0x27040000,0x27090000)]
  0x27b19400 JavaThread "JmDNS(DESKTOP-DB96BN7.local.).Timer" daemon [_thread_blocked, id=664, stack(0x26fb0000,0x27000000)]
  0x27adb400 JavaThread "SocketListener(DESKTOP-DB96BN7.local.)" daemon [_thread_in_native, id=7320, stack(0x26c90000,0x26ce0000)]
  0x27aa8400 JavaThread "Multihomed mDNS.Timer" daemon [_thread_blocked, id=13096, stack(0x03190000,0x031e0000)]
  0x278bfc00 JavaThread "cc.arduino.packages.discoverers.serial.SerialDiscovery" [_thread_in_native, id=12844, stack(0x28700000,0x28750000)]
  0x265f6000 JavaThread "AWT-Windows" daemon [_thread_in_native, id=13128, stack(0x26d20000,0x26d70000)]
  0x265f4c00 JavaThread "Java2D Disposer" daemon [_thread_blocked, id=12732, stack(0x26c00000,0x26c50000)]
  0x25da8400 JavaThread "Service Thread" daemon [_thread_blocked, id=11336, stack(0x26410000,0x26460000)]
  0x25dad000 JavaThread "C1 CompilerThread0" daemon [_thread_blocked, id=6636, stack(0x26380000,0x263d0000)]
  0x25dac000 JavaThread "Attach Listener" daemon [_thread_blocked, id=11216, stack(0x262f0000,0x26340000)]
  0x25daa000 JavaThread "Signal Dispatcher" daemon [_thread_blocked, id=7680, stack(0x26260000,0x262b0000)]
  0x25d8ac00 JavaThread "Finalizer" daemon [_thread_blocked, id=8732, stack(0x260d0000,0x26120000)]
  0x25d85000 JavaThread "Reference Handler" daemon [_thread_blocked, id=11660, stack(0x26040000,0x26090000)]

Other Threads:
  0x0301e800 VMThread [stack: 0x25fb0000,0x26000000] [id=11400]
  0x25da7400 WatcherThread [stack: 0x264a0000,0x264f0000] [id=10384]

VM state:not at safepoint (normal execution)

VM Mutex/Monitor currently owned by a thread: None

Heap:
 def new generation   total 54720K, used 11519K [0x05800000, 0x09360000, 0x102a0000)
  eden space 48640K,  19% used [0x05800000, 0x06134998, 0x08780000)
  from space 6080K,  34% used [0x08780000, 0x0898b410, 0x08d70000)
  to   space 6080K,   0% used [0x08d70000, 0x08d70000, 0x09360000)
 tenured generation   total 121448K, used 84732K [0x102a0000, 0x1793a000, 0x25800000)
   the space 121448K,  69% used [0x102a0000, 0x1555f378, 0x1555f400, 0x1793a000)
 Metaspace       used 27401K, capacity 28337K, committed 28672K, reserved 29056K

Card table byte_map: [0x25800000,0x25910000] byte_map_base: 0x257d4000

Polling page: 0x01570000

CodeCache: size=32768Kb used=3546Kb max_used=5249Kb free=29221Kb
 bounds [0x036d0000, 0x03c08000, 0x056d0000]
 total_blobs=2084 nmethods=1783 adapters=228
 compilation: enabled

Compilation events (10 events):
Event: 5799.956 Thread 0x25dad000 16067             java.util.PriorityQueue::indexOf (37 bytes)
Event: 5799.956 Thread 0x25dad000 nmethod 16067 0x037eeac8 code [0x037eebd0, 0x037eecdc]
Event: 5800.694 Thread 0x25dad000 16068             javax.swing.text.GapContent::removeUnusedMarks (65 bytes)
Event: 5800.694 Thread 0x25dad000 nmethod 16068 0x03af49c8 code [0x03af4b00, 0x03af4eb8]
Event: 5800.695 Thread 0x25dad000 16069             javax.swing.text.AbstractDocument::getAttributeContext (5 bytes)
Event: 5800.695 Thread 0x25dad000 nmethod 16069 0x037ee908 code [0x037eea00, 0x037eea80]
Event: 5800.700 Thread 0x25dad000 16070             java.util.HashMap::putMapEntries (154 bytes)
Event: 5800.700 Thread 0x25dad000 nmethod 16070 0x037bc148 code [0x037bc300, 0x037bc5e4]
Event: 5800.701 Thread 0x25dad000 16071             java.util.regex.Pattern$Slice::match (79 bytes)
Event: 5800.701 Thread 0x25dad000 nmethod 16071 0x039ca408 code [0x039ca520, 0x039ca688]

GC Heap History (10 events):
Event: 5077.187 GC heap before
{Heap before GC invocations=92 (full 6):
 def new generation   total 54720K, used 52411K [0x05800000, 0x09360000, 0x102a0000)
  eden space 48640K, 100% used [0x05800000, 0x08780000, 0x08780000)
  from space 6080K,  62% used [0x08d70000, 0x0911ed88, 0x09360000)
  to   space 6080K,   0% used [0x08780000, 0x08780000, 0x08d70000)
 tenured generation   total 121448K, used 82476K [0x102a0000, 0x1793a000, 0x25800000)
   the space 121448K,  67% used [0x102a0000, 0x1532b0a8, 0x1532b200, 0x1793a000)
 Metaspace       used 27386K, capacity 28303K, committed 28544K, reserved 29056K
Event: 5077.476 GC heap after
Heap after GC invocations=93 (full 6):
 def new generation   total 54720K, used 871K [0x05800000, 0x09360000, 0x102a0000)
  eden space 48640K,   0% used [0x05800000, 0x05800000, 0x08780000)
  from space 6080K,  14% used [0x08780000, 0x08859e08, 0x08d70000)
  to   space 6080K,   0% used [0x08d70000, 0x08d70000, 0x09360000)
 tenured generation   total 121448K, used 84732K [0x102a0000, 0x1793a000, 0x25800000)
   the space 121448K,  69% used [0x102a0000, 0x1555f378, 0x1555f400, 0x1793a000)
 Metaspace       used 27386K, capacity 28303K, committed 28544K, reserved 29056K
}
Event: 5526.650 GC heap before
{Heap before GC invocations=93 (full 6):
 def new generation   total 54720K, used 49511K [0x05800000, 0x09360000, 0x102a0000)
  eden space 48640K, 100% used [0x05800000, 0x08780000, 0x08780000)
  from space 6080K,  14% used [0x08780000, 0x08859e08, 0x08d70000)
  to   space 6080K,   0% used [0x08d70000, 0x08d70000, 0x09360000)
 tenured generation   total 121448K, used 84732K [0x102a0000, 0x1793a000, 0x25800000)
   the space 121448K,  69% used [0x102a0000, 0x1555f378, 0x1555f400, 0x1793a000)
 Metaspace       used 27386K, capacity 28303K, committed 28544K, reserved 29056K
Event: 5526.691 GC heap after
Heap after GC invocations=94 (full 6):
 def new generation   total 54720K, used 1051K [0x05800000, 0x09360000, 0x102a0000)
  eden space 48640K,   0% used [0x05800000, 0x05800000, 0x08780000)
  from space 6080K,  17% used [0x08d70000, 0x08e76c60, 0x09360000)
  to   space 6080K,   0% used [0x08780000, 0x08780000, 0x08d70000)
 tenured generation   total 121448K, used 84732K [0x102a0000, 0x1793a000, 0x25800000)
   the space 121448K,  69% used [0x102a0000, 0x1555f378, 0x1555f400, 0x1793a000)
 Metaspace       used 27386K, capacity 28303K, committed 28544K, reserved 29056K
}
Event: 5580.088 GC heap before
{Heap before GC invocations=94 (full 6):
 def new generation   total 54720K, used 48970K [0x05800000, 0x09360000, 0x102a0000)
  eden space 48640K,  98% used [0x05800000, 0x086cbef8, 0x08780000)
  from space 6080K,  17% used [0x08d70000, 0x08e76c60, 0x09360000)
  to   space 6080K,   0% used [0x08780000, 0x08780000, 0x08d70000)
 tenured generation   total 121448K, used 84732K [0x102a0000, 0x1793a000, 0x25800000)
   the space 121448K,  69% used [0x102a0000, 0x1555f378, 0x1555f400, 0x1793a000)
 Metaspace       used 27388K, capacity 28303K, committed 28544K, reserved 29056K
Event: 5580.316 GC heap after
Heap after GC invocations=95 (full 6):
 def new generation   total 54720K, used 919K [0x05800000, 0x09360000, 0x102a0000)
  eden space 48640K,   0% used [0x05800000, 0x05800000, 0x08780000)
  from space 6080K,  15% used [0x08780000, 0x08865dd8, 0x08d70000)
  to   space 6080K,   0% used [0x08d70000, 0x08d70000, 0x09360000)
 tenured generation   total 121448K, used 84732K [0x102a0000, 0x1793a000, 0x25800000)
   the space 121448K,  69% used [0x102a0000, 0x1555f378, 0x1555f400, 0x1793a000)
 Metaspace       used 27388K, capacity 28303K, committed 28544K, reserved 29056K
}
Event: 5720.617 GC heap before
{Heap before GC invocations=95 (full 6):
 def new generation   total 54720K, used 48785K [0x05800000, 0x09360000, 0x102a0000)
  eden space 48640K,  98% used [0x05800000, 0x086be910, 0x08780000)
  from space 6080K,  15% used [0x08780000, 0x08865dd8, 0x08d70000)
  to   space 6080K,   0% used [0x08d70000, 0x08d70000, 0x09360000)
 tenured generation   total 121448K, used 84732K [0x102a0000, 0x1793a000, 0x25800000)
   the space 121448K,  69% used [0x102a0000, 0x1555f378, 0x1555f400, 0x1793a000)
 Metaspace       used 27388K, capacity 28303K, committed 28544K, reserved 29056K
Event: 5720.622 GC heap after
Heap after GC invocations=96 (full 6):
 def new generation   total 54720K, used 2040K [0x05800000, 0x09360000, 0x102a0000)
  eden space 48640K,   0% used [0x05800000, 0x05800000, 0x08780000)
  from space 6080K,  33% used [0x08d70000, 0x08f6e250, 0x09360000)
  to   space 6080K,   0% used [0x08780000, 0x08780000, 0x08d70000)
 tenured generation   total 121448K, used 84732K [0x102a0000, 0x1793a000, 0x25800000)
   the space 121448K,  69% used [0x102a0000, 0x1555f378, 0x1555f400, 0x1793a000)
 Metaspace       used 27388K, capacity 28303K, committed 28544K, reserved 29056K
}
Event: 5798.292 GC heap before
{Heap before GC invocations=96 (full 6):
 def new generation   total 54720K, used 50680K [0x05800000, 0x09360000, 0x102a0000)
  eden space 48640K, 100% used [0x05800000, 0x08780000, 0x08780000)
  from space 6080K,  33% used [0x08d70000, 0x08f6e250, 0x09360000)
  to   space 6080K,   0% used [0x08780000, 0x08780000, 0x08d70000)
 tenured generation   total 121448K, used 84732K [0x102a0000, 0x1793a000, 0x25800000)
   the space 121448K,  69% used [0x102a0000, 0x1555f378, 0x1555f400, 0x1793a000)
 Metaspace       used 27401K, capacity 28337K, committed 28672K, reserved 29056K
Event: 5798.304 GC heap after
Heap after GC invocations=97 (full 6):
 def new generation   total 54720K, used 2093K [0x05800000, 0x09360000, 0x102a0000)
  eden space 48640K,   0% used [0x05800000, 0x05800000, 0x08780000)
  from space 6080K,  34% used [0x08780000, 0x0898b410, 0x08d70000)
  to   space 6080K,   0% used [0x08d70000, 0x08d70000, 0x09360000)
 tenured generation   total 121448K, used 84732K [0x102a0000, 0x1793a000, 0x25800000)
   the space 121448K,  69% used [0x102a0000, 0x1555f378, 0x1555f400, 0x1793a000)
 Metaspace       used 27401K, capacity 28337K, committed 28672K, reserved 29056K
}

Deoptimization events (0 events):
No events

Classes redefined (0 events):
No events

Internal exceptions (10 events):
Event: 5798.365 Thread 0x29206c00 Exception <a 'sun/nio/fs/WindowsException'> (0x05cb8f00) thrown at [C:\workspace\8-2-build-windows-i586-cygwin\jdk8u191\11896\hotspot\src\share\vm\prims\jni.cpp, line 709]
Event: 5798.366 Thread 0x29206c00 Exception <a 'sun/nio/fs/WindowsException'> (0x05cc5db8) thrown at [C:\workspace\8-2-build-windows-i586-cygwin\jdk8u191\11896\hotspot\src\share\vm\prims\jni.cpp, line 709]
Event: 5798.366 Thread 0x29206c00 Exception <a 'sun/nio/fs/WindowsException'> (0x05cc63d8) thrown at [C:\workspace\8-2-build-windows-i586-cygwin\jdk8u191\11896\hotspot\src\share\vm\prims\jni.cpp, line 709]
Event: 5798.367 Thread 0x29206c00 Exception <a 'sun/nio/fs/WindowsException'> (0x05ce5838) thrown at [C:\workspace\8-2-build-windows-i586-cygwin\jdk8u191\11896\hotspot\src\share\vm\prims\jni.cpp, line 709]
Event: 5798.368 Thread 0x29206c00 Exception <a 'sun/nio/fs/WindowsException'> (0x05ce5e68) thrown at [C:\workspace\8-2-build-windows-i586-cygwin\jdk8u191\11896\hotspot\src\share\vm\prims\jni.cpp, line 709]
Event: 5798.369 Thread 0x29206c00 Exception <a 'sun/nio/fs/WindowsException'> (0x05cf1998) thrown at [C:\workspace\8-2-build-windows-i586-cygwin\jdk8u191\11896\hotspot\src\share\vm\prims\jni.cpp, line 709]
Event: 5798.369 Thread 0x29206c00 Exception <a 'sun/nio/fs/WindowsException'> (0x05cf2008) thrown at [C:\workspace\8-2-build-windows-i586-cygwin\jdk8u191\11896\hotspot\src\share\vm\prims\jni.cpp, line 709]
Event: 5798.370 Thread 0x29206c00 Exception <a 'sun/nio/fs/WindowsException'> (0x05d021f8) thrown at [C:\workspace\8-2-build-windows-i586-cygwin\jdk8u191\11896\hotspot\src\share\vm\prims\jni.cpp, line 709]
Event: 5798.370 Thread 0x29206c00 Exception <a 'sun/nio/fs/WindowsException'> (0x05d02868) thrown at [C:\workspace\8-2-build-windows-i586-cygwin\jdk8u191\11896\hotspot\src\share\vm\prims\jni.cpp, line 709]
Event: 5800.813 Thread 0x29209800 Exception <a 'java/lang/StackOverflowError'> (0x061181c8) thrown at [C:\workspace\8-2-build-windows-i586-cygwin\jdk8u191\11896\hotspot\src\share\vm\interpreter\interpreterRuntime.cpp, line 323]

Events (10 events):
Event: 5800.694 Thread 0x25dad000 flushing nmethod 0x037e22c8
Event: 5800.695 Thread 0x29209c00 Thread added: 0x29209c00
Event: 5800.695 Thread 0x29208400 Thread added: 0x29208400
Event: 5800.695 Thread 0x25dad000 flushing nmethod 0x038d1288
Event: 5800.695 Thread 0x25dad000 flushing nmethod 0x038d1c08
Event: 5800.695 Thread 0x25dad000 flushing nmethod 0x0398b4c8
Event: 5800.695 Thread 0x25dad000 flushing nmethod 0x039c1cc8
Event: 5800.695 Thread 0x25dad000 flushing nmethod 0x039ca3c8
Event: 5800.745 Thread 0x29207800 Thread added: 0x29207800
Event: 5800.745 Thread 0x29209800 Thread added: 0x29209800


Dynamic libraries:
0x005f0000 - 0x00623000 	D:\Arduino\java\bin\javaw.exe
0x76f90000 - 0x7712a000 	C:\WINDOWS\SYSTEM32\ntdll.dll
0x76ce0000 - 0x76dc0000 	C:\WINDOWS\System32\KERNEL32.DLL
0x76a00000 - 0x76bfc000 	C:\WINDOWS\System32\KERNELBASE.dll
0x75300000 - 0x75379000 	C:\WINDOWS\System32\ADVAPI32.dll
0x76920000 - 0x769df000 	C:\WINDOWS\System32\msvcrt.dll
0x766b0000 - 0x76726000 	C:\WINDOWS\System32\sechost.dll
0x767d0000 - 0x7688b000 	C:\WINDOWS\System32\RPCRT4.dll
0x74760000 - 0x74780000 	C:\WINDOWS\System32\SspiCli.dll
0x74750000 - 0x7475a000 	C:\WINDOWS\System32\CRYPTBASE.dll
0x760a0000 - 0x760ff000 	C:\WINDOWS\System32\bcryptPrimitives.dll
0x75160000 - 0x752f7000 	C:\WINDOWS\System32\USER32.dll
0x76690000 - 0x766a7000 	C:\WINDOWS\System32\win32u.dll
0x757e0000 - 0x75801000 	C:\WINDOWS\System32\GDI32.dll
0x74780000 - 0x748da000 	C:\WINDOWS\System32\gdi32full.dll
0x74fc0000 - 0x7503c000 	C:\WINDOWS\System32\msvcp_win.dll
0x75d50000 - 0x75e6f000 	C:\WINDOWS\System32\ucrtbase.dll
0x73640000 - 0x7384f000 	C:\WINDOWS\WinSxS\x86_microsoft.windows.common-controls_6595b64144ccf1df_6.0.18362.592_none_2e6de868278ee708\COMCTL32.dll
0x75ad0000 - 0x75d46000 	C:\WINDOWS\System32\combase.dll
0x76f50000 - 0x76f75000 	C:\WINDOWS\System32\IMM32.DLL
0x650c0000 - 0x6517f000 	D:\Arduino\java\bin\msvcr100.dll
0x60140000 - 0x60513000 	D:\Arduino\java\bin\client\jvm.dll
0x769e0000 - 0x769e6000 	C:\WINDOWS\System32\PSAPI.DLL
0x73470000 - 0x73494000 	C:\WINDOWS\SYSTEM32\WINMM.dll
0x6c230000 - 0x6c238000 	C:\WINDOWS\SYSTEM32\WSOCK32.dll
0x75810000 - 0x7586e000 	C:\WINDOWS\System32\WS2_32.dll
0x74360000 - 0x74368000 	C:\WINDOWS\SYSTEM32\VERSION.dll
0x73440000 - 0x73463000 	C:\WINDOWS\SYSTEM32\WINMMBASE.dll
0x75a90000 - 0x75acb000 	C:\WINDOWS\System32\cfgmgr32.dll
0x6c200000 - 0x6c230000 	D:\Arduino\java\bin\splashscreen.dll
0x73c30000 - 0x73caa000 	C:\WINDOWS\system32\uxtheme.dll
0x6c1f0000 - 0x6c1fc000 	D:\Arduino\java\bin\verify.dll
0x748e0000 - 0x749e3000 	C:\WINDOWS\System32\MSCTF.dll
0x75e70000 - 0x75f02000 	C:\WINDOWS\System32\OLEAUT32.dll
0x6c1c0000 - 0x6c1e2000 	D:\Arduino\java\bin\java.dll
0x76910000 - 0x7691f000 	C:\WINDOWS\System32\kernel.appcore.dll
0x6c020000 - 0x6c034000 	D:\Arduino\java\bin\zip.dll
0x76100000 - 0x7667a000 	C:\WINDOWS\System32\SHELL32.dll
0x76010000 - 0x76094000 	C:\WINDOWS\System32\shcore.dll
0x749f0000 - 0x74fb5000 	C:\WINDOWS\System32\windows.storage.dll
0x75870000 - 0x75887000 	C:\WINDOWS\System32\profapi.dll
0x76730000 - 0x76773000 	C:\WINDOWS\System32\powrprof.dll
0x769f0000 - 0x769fd000 	C:\WINDOWS\System32\UMPDC.dll
0x76780000 - 0x767c4000 	C:\WINDOWS\System32\shlwapi.dll
0x76dc0000 - 0x76dd3000 	C:\WINDOWS\System32\cryptsp.dll
0x61940000 - 0x619b3000 	D:\Arduino\lib\listSerialsj.dll
0x75390000 - 0x757d9000 	C:\WINDOWS\System32\SETUPAPI.dll
0x75140000 - 0x75159000 	C:\WINDOWS\System32\bcrypt.dll
0x66620000 - 0x6663d000 	D:\Arduino\lib\jnidispatch-4.2.2-win32-x86.dll
0x75040000 - 0x75137000 	C:\WINDOWS\System32\Ole32.dll
0x64fa0000 - 0x64fb5000 	D:\Arduino\java\bin\net.dll
0x741f0000 - 0x74242000 	C:\WINDOWS\system32\mswsock.dll
0x6bd90000 - 0x6bd9f000 	D:\Arduino\java\bin\nio.dll
0x5f050000 - 0x5f197000 	D:\Arduino\java\bin\awt.dll
0x6e210000 - 0x6e2af000 	C:\WINDOWS\SYSTEM32\apphelp.dll
0x5f020000 - 0x5f045000 	C:\WINDOWS\system32\DWMAPI.DLL
0x5efe0000 - 0x5f019000 	D:\Arduino\java\bin\fontmanager.dll
0x5eee0000 - 0x5efdf000 	C:\WINDOWS\system32\opengl32.dll
0x5eea0000 - 0x5eedf000 	C:\WINDOWS\SYSTEM32\GLU32.dll
0x6fc10000 - 0x6fc29000 	C:\WINDOWS\SYSTEM32\dxcore.dll
0x5ee60000 - 0x5ee92000 	D:\Arduino\java\bin\t2k.dll
0x67ad0000 - 0x67ada000 	D:\Arduino\java\bin\management.dll
0x6c2e0000 - 0x6c2f1000 	C:\WINDOWS\system32\napinsp.dll
0x6c280000 - 0x6c296000 	C:\WINDOWS\system32\pnrpnsp.dll
0x73eb0000 - 0x73f41000 	C:\WINDOWS\SYSTEM32\DNSAPI.dll
0x76680000 - 0x76687000 	C:\WINDOWS\System32\NSI.dll
0x74370000 - 0x743a2000 	C:\WINDOWS\SYSTEM32\IPHLPAPI.DLL
0x6c270000 - 0x6c27b000 	C:\WINDOWS\System32\winrnr.dll
0x6bdd0000 - 0x6bde6000 	C:\WINDOWS\system32\NLAapi.dll
0x6bdc0000 - 0x6bdd0000 	C:\WINDOWS\system32\wshbth.dll
0x73e40000 - 0x73e91000 	C:\WINDOWS\System32\fwpuclnt.dll
0x73ea0000 - 0x73ea8000 	C:\Windows\System32\rasadhlp.dll
0x73d70000 - 0x73d83000 	C:\WINDOWS\SYSTEM32\dhcpcsvc6.DLL
0x74150000 - 0x74165000 	C:\WINDOWS\SYSTEM32\dhcpcsvc.DLL
0x73db0000 - 0x73ddf000 	C:\WINDOWS\system32\rsaenh.dll
0x743b0000 - 0x743ce000 	C:\WINDOWS\SYSTEM32\USERENV.dll
0x73e10000 - 0x73e33000 	C:\WINDOWS\SYSTEM32\DEVOBJ.dll
0x75fc0000 - 0x76006000 	C:\WINDOWS\System32\WINTRUST.dll
0x76de0000 - 0x76dee000 	C:\WINDOWS\System32\MSASN1.dll
0x76e50000 - 0x76f4b000 	C:\WINDOWS\System32\CRYPT32.dll
0x64e40000 - 0x64e60000 	D:\Arduino\java\bin\sunec.dll
0x66610000 - 0x66619000 	D:\Arduino\java\bin\sunmscapi.dll
0x5ed10000 - 0x5ed79000 	D:\Arduino\msvcp100.dll
0x5d340000 - 0x5d3fe000 	D:\Arduino\msvcr100.dll
0x01420000 - 0x01452000 	D:\Arduino\lib\AStylej.dll
0x5d310000 - 0x5d334000 	D:\Arduino\java\bin\dcpr.dll
0x76890000 - 0x76910000 	C:\WINDOWS\System32\clbcatq.dll
0x6a5e0000 - 0x6a749000 	C:\WINDOWS\SYSTEM32\WindowsCodecs.dll
0x70050000 - 0x70081000 	C:\WINDOWS\system32\dataexchange.dll
0x6fe70000 - 0x7004e000 	C:\WINDOWS\system32\d3d11.dll
0x6fd00000 - 0x6fe69000 	C:\WINDOWS\system32\dcomp.dll
0x6fc30000 - 0x6fcf1000 	C:\WINDOWS\system32\dxgi.dll
0x6fa20000 - 0x6fc04000 	C:\WINDOWS\system32\twinapi.appcore.dll
0x6fa00000 - 0x6fa1f000 	C:\WINDOWS\system32\RMCLIENT.dll
0x6a550000 - 0x6a5d9000 	C:\WINDOWS\System32\CoreMessaging.dll
0x661a0000 - 0x66224000 	C:\WINDOWS\System32\TextInputFramework.dll
0x65f40000 - 0x6619e000 	C:\WINDOWS\System32\CoreUIComponents.dll
0x74250000 - 0x74279000 	C:\WINDOWS\SYSTEM32\ntmarta.dll
0x70c40000 - 0x70d1a000 	C:\WINDOWS\SYSTEM32\wintypes.dll
0x70d40000 - 0x70f69000 	C:\WINDOWS\System32\iertutil.dll
0x72b30000 - 0x72bbd000 	C:\WINDOWS\WinSxS\x86_microsoft.windows.common-controls_6595b64144ccf1df_5.82.18362.592_none_71d995095ae1acb5\comctl32.dll
0x74080000 - 0x74145000 	C:\WINDOWS\system32\propsys.dll
0x68670000 - 0x68683000 	C:\WINDOWS\system32\NetworkExplorer.dll
0x68620000 - 0x6866a000 	C:\Windows\System32\thumbcache.dll
0x685a0000 - 0x68613000 	C:\WINDOWS\SYSTEM32\policymanager.dll
0x68530000 - 0x68595000 	C:\WINDOWS\SYSTEM32\msvcp110_win.dll
0x73420000 - 0x73438000 	C:\WINDOWS\SYSTEM32\MPR.dll
0x68520000 - 0x68529000 	C:\WINDOWS\System32\drprov.dll
0x74020000 - 0x74069000 	C:\WINDOWS\System32\WINSTA.dll
0x68500000 - 0x68512000 	C:\WINDOWS\System32\ntlanman.dll
0x684e0000 - 0x684f9000 	C:\WINDOWS\System32\davclnt.dll
0x684d0000 - 0x684da000 	C:\WINDOWS\System32\DAVHLPR.dll
0x73b50000 - 0x73b60000 	C:\WINDOWS\System32\wkscli.dll
0x684c0000 - 0x684ce000 	C:\WINDOWS\SYSTEM32\cscapi.dll
0x74280000 - 0x7428b000 	C:\WINDOWS\System32\netutils.dll
0x65e20000 - 0x65e63000 	C:\Windows\System32\dlnashext.dll
0x65dd0000 - 0x65e19000 	C:\Windows\System32\PlayToDevice.dll
0x684a0000 - 0x684bb000 	C:\Windows\System32\DevDispItemProvider.dll
0x65d60000 - 0x65dc2000 	C:\WINDOWS\System32\MMDevApi.dll
0x65cd0000 - 0x65d5c000 	C:\WINDOWS\system32\wpdshext.dll
0x734a0000 - 0x73609000 	C:\WINDOWS\WinSxS\x86_microsoft.windows.gdiplus_6595b64144ccf1df_1.1.18362.592_none_5f58db4d822160d6\gdiplus.dll
0x5d280000 - 0x5d303000 	C:\Windows\System32\PortableDeviceApi.dll
0x5d240000 - 0x5d280000 	C:\WINDOWS\system32\audiodev.dll
0x5d030000 - 0x5d23d000 	C:\WINDOWS\system32\WMVCore.DLL
0x5cff0000 - 0x5d02d000 	C:\WINDOWS\system32\WMASF.DLL
0x5cee0000 - 0x5cfe6000 	C:\WINDOWS\system32\mfperfhelper.dll
0x68490000 - 0x6849b000 	C:\WINDOWS\SYSTEM32\LINKINFO.dll
0x70b70000 - 0x70be1000 	C:\Windows\System32\appresolver.dll

VM Arguments:
jvm_args: -Dsun.java2d.d3d=false -Djna.nosys=true -Djna.nounpack=true -Djna.boot.library.name=jnidispatch-4.2.2-win32-x86 -Djna.boot.library.path=D:\Arduino/lib -Djssc.library.path=D:\Arduino/lib -DAPP_DIR=D:\Arduino -Xms128M -Xmx512M -Dfile.encoding=UTF8 -Djava.net.preferIPv4Stack=true 
java_command: processing.app.Base C:\Users\Asep Trisna Setiawan\Documents\Arduino\consumeRMQ_with_controlRelay\consumeRMQ_with_controlRelay.ino
java_class_path (initial): D:\Arduino\lib\apple.jar;D:\Arduino\lib\arduino-core.jar;D:\Arduino\lib\batik-1.8.jar;D:\Arduino\lib\batik-anim-1.8.jar;D:\Arduino\lib\batik-awt-util-1.8.jar;D:\Arduino\lib\batik-bridge-1.8.jar;D:\Arduino\lib\batik-codec-1.8.jar;D:\Arduino\lib\batik-css-1.8.jar;D:\Arduino\lib\batik-dom-1.8.jar;D:\Arduino\lib\batik-ext-1.8.jar;D:\Arduino\lib\batik-gvt-1.8.jar;D:\Arduino\lib\batik-parser-1.8.jar;D:\Arduino\lib\batik-rasterizer-1.8.jar;D:\Arduino\lib\batik-script-1.8.jar;D:\Arduino\lib\batik-squiggle-1.8.jar;D:\Arduino\lib\batik-svg-dom-1.8.jar;D:\Arduino\lib\batik-svgpp-1.8.jar;D:\Arduino\lib\batik-transcoder-1.8.jar;D:\Arduino\lib\batik-util-1.8.jar;D:\Arduino\lib\batik-xml-1.8.jar;D:\Arduino\lib\bcpg-jdk15on-152.jar;D:\Arduino\lib\bcprov-jdk15on-152.jar;D:\Arduino\lib\commons-codec-1.7.jar;D:\Arduino\lib\commons-compress-1.8.jar;D:\Arduino\lib\commons-exec-1.1.jar;D:\Arduino\lib\commons-httpclient-3.1.jar;D:\Arduino\lib\commons-lang3-3.8.1.jar;D:\Arduino\lib\commons-logging-1.0.4.jar;D:\Arduino\lib\commons-net-3.3.jar;D:\Arduino\lib\commons-io-2.6.jar;D:\Arduino\lib\jackson-annotations-2.9.5.jar;D:\Arduino\lib\jackson-core-2.9.5.jar;D:\Arduino\lib\jackson-databind-2.9.5.jar;D:\Arduino\lib\jackson-module-mrbean-2.9.5.jar;D:\Arduino\lib\java-semver-0.8.0.jar;D:\Arduino\lib\jmdns-3.5.3.jar;D:\Arduino\lib\jtouchbar-1.0.0.jar;D:\Arduino\lib\log4j-api-2.12.0.jar;D:\Arduino\lib\log4j-core-2.12.0.jar;D:\Arduino\lib\slf4j-simple-1.7.22.jar;D:\Arduino\lib\slf4j-api-1.7.22.jar;D:\Arduino\lib\jna-4.2.2.jar;D:\Arduino\lib\jna-platform-4.2.2.jar;D:\Arduino\lib\jsch-0.1.50.jar;D:\Arduino\lib\jssc-2.8.0-arduino4.jar;D:\Arduino\lib\pde.jar;D:\Arduino\lib\rsyntaxtextarea-3.0.3-SNAPSHOT.jar;D:\Arduino\lib\xml-apis-1.3.04.jar;D:\Arduino\lib\xml-apis-ext-1.3.04.jar;D:\Arduino\lib\xmlgraphics-commons-2.0.jar
Launcher Type: SUN_STANDARD

Environment Variables:
JAVA_HOME=C:\Program Files\Java\jdk1.8.0_231
CLASSPATH=.;
PATH=C:\Python27\;C:\Python27\Scripts;C:\Program Files (x86)\Common Files\Oracle\Java\javapath;C:\Windows\system32;C:\Windows;C:\Windows\System32\Wbem;C:\Windows\System32\WindowsPowerShell\v1.0\;C:\Program Files (x86)\NVIDIA Corporation\PhysX\Common;C:\Program Files\nodejs\;C:\ProgramData\chocolatey\bin;C:\Program Files\Git\cmd;C:\WINDOWS\system32;C:\WINDOWS;C:\WINDOWS\System32\Wbem;C:\WINDOWS\System32\WindowsPowerShell\v1.0\;C:\WINDOWS\System32\OpenSSH\;C:\Program Files (x86)\Yarn\bin\;C:\Program Files\Java\jdk1.8.0_231\bin;C:\Users\Asep Trisna Setiawan\AppData\Local\Microsoft\WindowsApps;C:\Users\Asep Trisna Setiawan\AppData\Roaming\npm;C:\Users\Asep Trisna Setiawan\AppData\Local\Yarn\bin;C:\Users\Asep Trisna Setiawan\AppData\Local\Programs\Microsoft VS Code\bin;D:\Arduino\java\bin
USERNAME=Asep Trisna Setiawan
OS=Windows_NT
PROCESSOR_IDENTIFIER=Intel64 Family 6 Model 142 Stepping 9, GenuineIntel



---------------  S Y S T E M  ---------------

OS: Windows 10.0 , 64 bit Build 18362 (10.0.18362.329)

CPU:total 4 (initial active 4) (2 cores per cpu, 2 threads per core) family 6 model 142 stepping 9, cmov, cx8, fxsr, mmx, sse, sse2, sse3, ssse3, sse4.1, sse4.2, popcnt, avx, avx2, aes, clmul, erms, 3dnowpref, lzcnt, ht, tsc, tscinvbit, bmi1, bmi2, adx

Memory: 4k page, physical 8270880k(1248140k free), swap 20992156k(512k free)

vm_info: Java HotSpot(TM) Client VM (25.191-b12) for windows-x86 JRE (1.8.0_191-b12), built on Oct  6 2018 08:34:23 by "java_re" with MS VC++ 10.0 (VS2010)

time: Thu Feb 13 08:40:00 2020
elapsed time: 5801 seconds (0d 1h 36m 41s)

